[21:05:52] [main/INFO] (FabricLoader/GameProvider) Loading Minecraft 1.20 with Fabric Loader 0.14.21
[21:05:53] [main/INFO] (FabricLoader) Loading 46 mods:
	- enhanced-intro 1.0
	- fabric-api 0.83.0+1.20
	- fabric-api-base 0.4.29+b04edc7a27
	- fabric-api-lookup-api-v1 1.6.34+4d8536c927
	- fabric-biome-api-v1 13.0.10+b3afc78b27
	- fabric-block-api-v1 1.0.9+e022e5d127
	- fabric-blockrenderlayer-v1 1.1.39+b3afc78b27
	- fabric-client-tags-api-v1 1.0.20+b3afc78b27
	- fabric-command-api-v2 2.2.11+b3afc78b27
	- fabric-content-registries-v0 4.0.7+b3afc78b27
	- fabric-convention-tags-v1 1.5.3+b3afc78b27
	- fabric-crash-report-info-v1 0.2.18+aeb40ebe27
	- fabric-data-generation-api-v1 12.1.10+b3afc78b27
	- fabric-dimensions-v1 2.1.51+b3afc78b27
	- fabric-entity-events-v1 1.5.21+b3afc78b27
	- fabric-events-interaction-v0 0.6.0+b3afc78b27
	- fabric-game-rule-api-v1 1.0.38+b04edc7a27
	- fabric-gametest-api-v1 1.2.10+b3afc78b27
	- fabric-item-api-v1 2.1.26+b3afc78b27
	- fabric-item-group-api-v1 4.0.7+b3afc78b27
	- fabric-key-binding-api-v1 1.0.36+fb8d95da27
	- fabric-lifecycle-events-v1 2.2.20+b3afc78b27
	- fabric-loot-api-v2 1.1.37+b3afc78b27
	- fabric-message-api-v1 5.1.6+b3afc78b27
	- fabric-mining-level-api-v1 2.1.47+b3afc78b27
	- fabric-models-v0 0.3.35+b3afc78b27
	- fabric-networking-api-v1 1.3.8+b3afc78b27
	- fabric-object-builder-api-v1 11.0.6+b3afc78b27
	- fabric-particles-v1 1.0.28+b3afc78b27
	- fabric-recipe-api-v1 1.0.18+b3afc78b27
	- fabric-registry-sync-v0 2.2.6+b3afc78b27
	- fabric-renderer-api-v1 3.0.1+b3afc78b27
	- fabric-renderer-indigo 1.3.1+b3afc78b27
	- fabric-rendering-data-attachment-v1 0.3.33+b3afc78b27
	- fabric-rendering-fluids-v1 3.0.26+b3afc78b27
	- fabric-rendering-v1 3.0.6+b3afc78b27
	- fabric-resource-conditions-api-v1 2.3.4+b3afc78b27
	- fabric-resource-loader-v0 0.11.7+f7923f6d27
	- fabric-screen-api-v1 2.0.6+b3afc78b27
	- fabric-screen-handler-api-v1 1.3.27+b3afc78b27
	- fabric-sound-api-v1 1.0.12+b3afc78b27
	- fabric-transfer-api-v1 3.2.2+b3afc78b27
	- fabric-transitive-access-wideners-v1 4.2.0+b3afc78b27
	- fabricloader 0.14.21
	- java 17
	- minecraft 1.20
[21:05:53] [main/INFO] (FabricLoader/Mixin) SpongePowered MIXIN Subsystem Version=0.8.5 Source=file:/C:/Users/Drew%20Sullens/.gradle/caches/modules-2/files-2.1/net.fabricmc/sponge-mixin/0.12.5+mixin.0.8.5/8d31fb97c3e0cd7c8dad3441851c523bcfae6d8e/sponge-mixin-0.12.5+mixin.0.8.5.jar Service=Knot/Fabric Env=CLIENT
[21:05:53] [main/INFO] (FabricLoader/Mixin) Loaded Fabric development mappings for mixin remapper!
[21:05:53] [main/INFO] (FabricLoader/Mixin) Compatibility level set to JAVA_16
[21:05:53] [main/INFO] (FabricLoader/Mixin) Compatibility level set to JAVA_17
[21:05:59] [Datafixer Bootstrap/INFO] (Minecraft) 188 Datafixer optimizations took 154 milliseconds
[21:06:01] [Render thread/INFO] (Minecraft) Environment: authHost='https://authserver.mojang.com', accountsHost='https://api.mojang.com', sessionHost='https://sessionserver.mojang.com', servicesHost='https://api.minecraftservices.com', name='PROD'
[21:06:01] [Render thread/ERROR] (Minecraft) Failed to verify authentication
com.mojang.authlib.exceptions.InvalidCredentialsException: Status: 401
	at com.mojang.authlib.exceptions.MinecraftClientHttpException.toAuthenticationException(MinecraftClientHttpException.java:56) ~[authlib-4.0.43.jar:?]
	at com.mojang.authlib.yggdrasil.YggdrasilUserApiService.fetchProperties(YggdrasilUserApiService.java:156) ~[authlib-4.0.43.jar:?]
	at com.mojang.authlib.yggdrasil.YggdrasilUserApiService.<init>(YggdrasilUserApiService.java:55) ~[authlib-4.0.43.jar:?]
	at com.mojang.authlib.yggdrasil.YggdrasilAuthenticationService.createUserApiService(YggdrasilAuthenticationService.java:124) ~[authlib-4.0.43.jar:?]
	at net.minecraft.client.MinecraftClient.createUserApiService(MinecraftClient.java:712) ~[minecraft-merged-project-root-1.20-net.fabricmc.yarn.1_20.1.20+build.1-v2.jar:?]
	at net.minecraft.client.MinecraftClient.<init>(MinecraftClient.java:507) ~[minecraft-merged-project-root-1.20-net.fabricmc.yarn.1_20.1.20+build.1-v2.jar:?]
	at net.minecraft.client.main.Main.main(Main.java:191) ~[minecraft-merged-project-root-1.20-net.fabricmc.yarn.1_20.1.20+build.1-v2.jar:?]
	at net.fabricmc.loader.impl.game.minecraft.MinecraftGameProvider.launch(MinecraftGameProvider.java:468) ~[fabric-loader-0.14.21.jar:?]
	at net.fabricmc.loader.impl.launch.knot.Knot.launch(Knot.java:74) ~[fabric-loader-0.14.21.jar:?]
	at net.fabricmc.loader.impl.launch.knot.KnotClient.main(KnotClient.java:23) ~[fabric-loader-0.14.21.jar:?]
	at net.fabricmc.devlaunchinjector.Main.main(Main.java:86) ~[dev-launch-injector-0.2.1+build.8.jar:?]
Caused by: com.mojang.authlib.exceptions.MinecraftClientHttpException: Status: 401
	at com.mojang.authlib.minecraft.client.MinecraftClient.readInputStream(MinecraftClient.java:85) ~[authlib-4.0.43.jar:?]
	at com.mojang.authlib.minecraft.client.MinecraftClient.get(MinecraftClient.java:48) ~[authlib-4.0.43.jar:?]
	at com.mojang.authlib.yggdrasil.YggdrasilUserApiService.fetchProperties(YggdrasilUserApiService.java:129) ~[authlib-4.0.43.jar:?]
	... 9 more
[21:06:01] [Render thread/INFO] (Minecraft) Setting user: Player585
[21:06:02] [Render thread/INFO] (Indigo) [Indigo] Registering Indigo renderer!
[21:06:02] [Render thread/INFO] (Minecraft) Backend library: LWJGL version 3.3.1 SNAPSHOT
[21:06:03] [Render thread/INFO] (Minecraft) Reloading ResourceManager: vanilla, fabric (fabric-biome-api-v1, fabric-transfer-api-v1, fabric-resource-conditions-api-v1, fabric-command-api-v2, fabric-lifecycle-events-v1, fabric-data-generation-api-v1, fabric-item-api-v1, fabric-object-builder-api-v1, fabricloader, fabric-gametest-api-v1, fabric-registry-sync-v0, fabric-renderer-indigo, fabric-particles-v1, fabric-rendering-data-attachment-v1, fabric-screen-handler-api-v1, fabric-api-base, fabric-content-registries-v0, fabric-dimensions-v1, fabric-crash-report-info-v1, fabric-entity-events-v1, fabric-networking-api-v1, fabric-convention-tags-v1, fabric-rendering-fluids-v1, fabric-models-v0, fabric-screen-api-v1, fabric-blockrenderlayer-v1, fabric-key-binding-api-v1, fabric-client-tags-api-v1, fabric-block-api-v1, fabric-mining-level-api-v1, fabric-events-interaction-v0, fabric-loot-api-v2, fabric-sound-api-v1, fabric-game-rule-api-v1, fabric-rendering-v1, fabric-api-lookup-api-v1, fabric-message-api-v1, fabric-recipe-api-v1, fabric-api, fabric-transitive-access-wideners-v1, fabric-resource-loader-v0, fabric-item-group-api-v1, fabric-renderer-api-v1)
[21:06:03] [Worker-Main-8/INFO] (Minecraft) Found unifont_all_no_pua-15.0.06.hex, loading
[21:06:04] [Worker-Main-6/WARN] (Minecraft) Unable to load model: 'enhanced-intro:custom_item#inventory' referenced from: enhanced-intro:custom_item#inventory: java.io.FileNotFoundException: enhanced-intro:models/item/custom_item.json
[21:06:04] [Realms Notification Availability checker #1/INFO] (Minecraft) Could not authorize you against Realms server: Invalid session id
[21:06:04] [Render thread/WARN] (Minecraft) Missing sound for event: minecraft:item.goat_horn.play
[21:06:04] [Render thread/WARN] (Minecraft) Missing sound for event: minecraft:entity.goat.screaming.horn_break
[21:06:04] [Render thread/INFO] (Minecraft) OpenAL initialized on device OpenAL Soft on Headphones (Turtle Beach Recon 60P)
[21:06:04] [Render thread/INFO] (Minecraft) Sound engine started
[21:06:05] [Render thread/INFO] (Minecraft) Created: 1024x512x4 minecraft:textures/atlas/blocks.png-atlas
[21:06:05] [Render thread/INFO] (Minecraft) Created: 256x256x4 minecraft:textures/atlas/signs.png-atlas
[21:06:05] [Render thread/INFO] (Minecraft) Created: 512x512x4 minecraft:textures/atlas/banner_patterns.png-atlas
[21:06:05] [Render thread/INFO] (Minecraft) Created: 512x512x4 minecraft:textures/atlas/shield_patterns.png-atlas
[21:06:05] [Render thread/INFO] (Minecraft) Created: 1024x1024x4 minecraft:textures/atlas/armor_trims.png-atlas
[21:06:05] [Render thread/INFO] (Minecraft) Created: 128x64x4 minecraft:textures/atlas/decorated_pot.png-atlas
[21:06:05] [Render thread/INFO] (Minecraft) Created: 256x256x4 minecraft:textures/atlas/chest.png-atlas
[21:06:05] [Render thread/INFO] (Minecraft) Created: 512x256x4 minecraft:textures/atlas/beds.png-atlas
[21:06:05] [Render thread/INFO] (Minecraft) Created: 512x256x4 minecraft:textures/atlas/shulker_boxes.png-atlas
[21:06:05] [Render thread/WARN] (Minecraft) Shader rendertype_entity_translucent_emissive could not find sampler named Sampler2 in the specified shader program.
[21:06:05] [Render thread/INFO] (Minecraft) Created: 256x256x0 minecraft:textures/atlas/particles.png-atlas
[21:06:05] [Render thread/INFO] (Minecraft) Created: 256x256x0 minecraft:textures/atlas/paintings.png-atlas
[21:06:05] [Render thread/INFO] (Minecraft) Created: 128x128x0 minecraft:textures/atlas/mob_effects.png-atlas
[21:06:10] [Render thread/INFO] (Minecraft) Loaded 7 recipes
[21:06:10] [Render thread/INFO] (Minecraft) Loaded 1271 advancements
[21:06:13] [Render thread/INFO] (BiomeModificationImpl) Applied 0 biome modifications to 0 of 64 new biomes in 1.405 ms
[21:06:13] [Server thread/INFO] (Minecraft) Starting integrated minecraft server version 1.20
[21:06:13] [Server thread/INFO] (Minecraft) Generating keypair
[21:06:16] [Server thread/INFO] (Minecraft) Preparing start region for dimension minecraft:overworld
[21:06:17] [Render thread/INFO] (Minecraft) Preparing spawn area: 0%
[21:06:17] [Render thread/INFO] (Minecraft) Preparing spawn area: 0%
[21:06:17] [Render thread/INFO] (Minecraft) Preparing spawn area: 0%
[21:06:18] [Render thread/INFO] (Minecraft) Preparing spawn area: 1%
[21:06:18] [Render thread/INFO] (Minecraft) Preparing spawn area: 1%
[21:06:19] [Render thread/INFO] (Minecraft) Preparing spawn area: 4%
[21:06:19] [Render thread/INFO] (Minecraft) Preparing spawn area: 6%
[21:06:20] [Render thread/INFO] (Minecraft) Preparing spawn area: 9%
[21:06:20] [Render thread/INFO] (Minecraft) Preparing spawn area: 12%
[21:06:21] [Render thread/INFO] (Minecraft) Preparing spawn area: 17%
[21:06:21] [Render thread/INFO] (Minecraft) Preparing spawn area: 20%
[21:06:22] [Render thread/INFO] (Minecraft) Preparing spawn area: 25%
[21:06:22] [Render thread/INFO] (Minecraft) Preparing spawn area: 30%
[21:06:23] [Render thread/INFO] (Minecraft) Preparing spawn area: 32%
[21:06:23] [Render thread/INFO] (Minecraft) Preparing spawn area: 38%
[21:06:24] [Render thread/INFO] (Minecraft) Preparing spawn area: 42%
[21:06:24] [Render thread/INFO] (Minecraft) Preparing spawn area: 46%
[21:06:25] [Render thread/INFO] (Minecraft) Preparing spawn area: 52%
[21:06:25] [Render thread/INFO] (Minecraft) Preparing spawn area: 52%
[21:06:26] [Render thread/INFO] (Minecraft) Preparing spawn area: 54%
[21:06:26] [Render thread/INFO] (Minecraft) Preparing spawn area: 58%
[21:06:27] [Render thread/INFO] (Minecraft) Preparing spawn area: 64%
[21:06:27] [Render thread/INFO] (Minecraft) Preparing spawn area: 69%
[21:06:28] [Render thread/INFO] (Minecraft) Preparing spawn area: 74%
[21:06:28] [Render thread/INFO] (Minecraft) Preparing spawn area: 81%
[21:06:29] [Render thread/INFO] (Minecraft) Preparing spawn area: 86%
[21:06:29] [Render thread/INFO] (Minecraft) Preparing spawn area: 89%
[21:06:30] [Render thread/INFO] (Minecraft) Preparing spawn area: 96%
[21:06:30] [Render thread/INFO] (Minecraft) Time elapsed: 13735 ms
[21:06:30] [Server thread/INFO] (Minecraft) Changing view distance to 12, from 10
[21:06:30] [Server thread/INFO] (Minecraft) Changing simulation distance to 12, from 0
[21:06:31] [Server thread/INFO] (Minecraft) Player585[local:E:641b1388] logged in with entity id 178 at (-5.5, 109.0, 0.5)
[21:06:31] [Server thread/INFO] (Minecraft) Player585 joined the game
[21:06:32] [Render thread/INFO] (Minecraft) Loaded 2 advancements
[21:07:30] [Server thread/INFO] (Minecraft) [Player585: Gave 1 [item.enhanced-intro.custom_item] to Player585]
[21:07:30] [Render thread/INFO] (Minecraft) [System] [CHAT] Gave 1 [item.enhanced-intro.custom_item] to Player585
[21:08:01] [Server thread/INFO] (Minecraft) Saving and pausing game...
[21:08:01] [Server thread/INFO] (Minecraft) Saving chunks for level 'ServerLevel[New World]'/minecraft:overworld
[21:08:01] [Server thread/INFO] (Minecraft) Saving chunks for level 'ServerLevel[New World]'/minecraft:the_nether
[21:08:01] [Server thread/INFO] (Minecraft) Saving chunks for level 'ServerLevel[New World]'/minecraft:the_end
[21:08:02] [Server thread/INFO] (Minecraft) Player585 lost connection: Disconnected
[21:08:02] [Server thread/INFO] (Minecraft) Player585 left the game
[21:08:02] [Server thread/INFO] (Minecraft) Stopping singleplayer server as player logged out
[21:08:02] [Server thread/INFO] (Minecraft) Stopping server
[21:08:02] [Server thread/INFO] (Minecraft) Saving players
[21:08:02] [Server thread/INFO] (Minecraft) Saving worlds
[21:08:03] [Server thread/INFO] (Minecraft) Saving chunks for level 'ServerLevel[New World]'/minecraft:overworld
[21:08:03] [Server thread/INFO] (Minecraft) Saving chunks for level 'ServerLevel[New World]'/minecraft:the_nether
[21:08:03] [Server thread/INFO] (Minecraft) Saving chunks for level 'ServerLevel[New World]'/minecraft:the_end
[21:08:03] [Server thread/INFO] (Minecraft) ThreadedAnvilChunkStorage (New World): All chunks are saved
[21:08:03] [Server thread/INFO] (Minecraft) ThreadedAnvilChunkStorage (DIM-1): All chunks are saved
[21:08:03] [Server thread/INFO] (Minecraft) ThreadedAnvilChunkStorage (DIM1): All chunks are saved
[21:08:03] [Server thread/INFO] (Minecraft) ThreadedAnvilChunkStorage: All dimensions are saved
[21:08:04] [Render thread/INFO] (Minecraft) Stopping!
